0 verbose cli C:\Program Files\nodejs\node.exe C:\Program Files\nodejs\node_global\node_modules\npm\bin\npm-cli.js
1 info using npm@11.6.2
2 info using node@v22.16.0
3 silly config load:file:C:\Program Files\nodejs\node_global\node_modules\npm\npmrc
4 silly config load:file:D:\code\SaoLei\.npmrc
5 silly config load:file:C:\Users\97956\.npmrc
6 silly config load:file:C:\Program Files\nodejs\node_global\etc\npmrc
7 verbose title npm install
8 verbose argv "install" "--no-audit" "--no-fund"
9 verbose logfile logs-max:10 dir:D:\code\SaoLei\.npm-cache\_logs\2026-01-09T07_54_10_576Z-
10 verbose logfile D:\code\SaoLei\.npm-cache\_logs\2026-01-09T07_54_10_576Z-debug-0.log
11 silly logfile done cleaning log files
12 silly packumentCache heap:4345298944 maxSize:1086324736 maxEntrySize:543162368
13 silly idealTree buildDeps
14 silly reify moves {}
15 verbose cwd D:\code\SaoLei
16 verbose os Windows_NT 10.0.26100
17 verbose node v22.16.0
18 verbose npm  v11.6.2
19 verbose exit 0
20 info ok
